[2018-11-06T14:33:42,692][INFO ][o.e.n.Node               ] [] initializing ...
[2018-11-06T14:33:42,836][INFO ][o.e.e.NodeEnvironment    ] [sudr_D5] using [1] data paths, mounts [[/ (/dev/disk1s1)]], net usable_space [857.6gb], net total_space [931.5gb], spins? [unknown], types [apfs]
[2018-11-06T14:33:42,837][INFO ][o.e.e.NodeEnvironment    ] [sudr_D5] heap size [1.9gb], compressed ordinary object pointers [true]
[2018-11-06T14:33:42,840][INFO ][o.e.n.Node               ] node name [sudr_D5] derived from node ID [sudr_D5yT_yPMuW9Ehz-pw]; set [node.name] to override
[2018-11-06T14:33:42,841][INFO ][o.e.n.Node               ] version[5.3.2], pid[13584], build[3068195/2017-04-24T16:15:59.481Z], OS[Mac OS X/10.13.6/x86_64], JVM["Oracle Corporation"/Java HotSpot(TM) 64-Bit Server VM/10.0.1/10.0.1+10]
[2018-11-06T14:33:43,603][INFO ][o.e.p.PluginsService     ] [sudr_D5] loaded module [aggs-matrix-stats]
[2018-11-06T14:33:43,603][INFO ][o.e.p.PluginsService     ] [sudr_D5] loaded module [ingest-common]
[2018-11-06T14:33:43,603][INFO ][o.e.p.PluginsService     ] [sudr_D5] loaded module [lang-expression]
[2018-11-06T14:33:43,603][INFO ][o.e.p.PluginsService     ] [sudr_D5] loaded module [lang-groovy]
[2018-11-06T14:33:43,603][INFO ][o.e.p.PluginsService     ] [sudr_D5] loaded module [lang-mustache]
[2018-11-06T14:33:43,604][INFO ][o.e.p.PluginsService     ] [sudr_D5] loaded module [lang-painless]
[2018-11-06T14:33:43,604][INFO ][o.e.p.PluginsService     ] [sudr_D5] loaded module [percolator]
[2018-11-06T14:33:43,604][INFO ][o.e.p.PluginsService     ] [sudr_D5] loaded module [reindex]
[2018-11-06T14:33:43,604][INFO ][o.e.p.PluginsService     ] [sudr_D5] loaded module [transport-netty3]
[2018-11-06T14:33:43,604][INFO ][o.e.p.PluginsService     ] [sudr_D5] loaded module [transport-netty4]
[2018-11-06T14:33:43,605][INFO ][o.e.p.PluginsService     ] [sudr_D5] no plugins loaded
[2018-11-06T14:33:45,595][INFO ][o.e.n.Node               ] initialized
[2018-11-06T14:33:45,596][INFO ][o.e.n.Node               ] [sudr_D5] starting ...
[2018-11-06T14:33:45,804][INFO ][o.e.t.TransportService   ] [sudr_D5] publish_address {127.0.0.1:9300}, bound_addresses {[fe80::1]:9300}, {[::1]:9300}, {127.0.0.1:9300}
[2018-11-06T14:33:48,861][INFO ][o.e.c.s.ClusterService   ] [sudr_D5] new_master {sudr_D5}{sudr_D5yT_yPMuW9Ehz-pw}{L9xkQMozT0uayGYVV5XGdg}{127.0.0.1}{127.0.0.1:9300}, reason: zen-disco-elected-as-master ([0] nodes joined)
[2018-11-06T14:33:48,881][INFO ][o.e.h.n.Netty4HttpServerTransport] [sudr_D5] publish_address {127.0.0.1:9200}, bound_addresses {[fe80::1]:9200}, {[::1]:9200}, {127.0.0.1:9200}
[2018-11-06T14:33:48,884][INFO ][o.e.n.Node               ] [sudr_D5] started
[2018-11-06T14:33:48,897][INFO ][o.e.g.GatewayService     ] [sudr_D5] recovered [0] indices into cluster_state
[2018-11-06T14:34:44,885][INFO ][o.e.c.m.MetaDataCreateIndexService] [sudr_D5] [org-id-grid] creating index, cause [api], templates [org-id], shards [5]/[1], mappings [org]
[2018-11-06T14:34:45,227][INFO ][o.e.c.m.MetaDataCreateIndexService] [sudr_D5] [org-id-gleif] creating index, cause [api], templates [org-id], shards [5]/[1], mappings [org]
[2018-11-06T14:34:45,484][INFO ][o.e.c.m.MetaDataCreateIndexService] [sudr_D5] [org-id-isni] creating index, cause [api], templates [org-id], shards [5]/[1], mappings [org]
[2018-11-06T14:34:45,779][INFO ][o.e.c.m.MetaDataCreateIndexService] [sudr_D5] [org-id-psi] creating index, cause [api], templates [org-id], shards [5]/[1], mappings [org]
[2018-11-06T14:34:46,004][INFO ][o.e.c.m.MetaDataCreateIndexService] [sudr_D5] [org-id-wikidata] creating index, cause [api], templates [org-id], shards [5]/[1], mappings [org]
[2018-11-06T15:01:37,262][INFO ][o.e.c.m.MetaDataMappingService] [sudr_D5] [org-id-grid/F7GQ_qKjSiuUFErkMherQQ] update_mapping [org]
[2018-11-06T15:07:13,485][INFO ][o.e.c.m.MetaDataMappingService] [sudr_D5] [org-id-isni/zU2z8MTuQuCCU8TYS4-DDQ] update_mapping [org]
[2018-11-06T15:29:39,959][INFO ][o.e.n.Node               ] [sudr_D5] stopping ...
[2018-11-06T15:29:40,014][INFO ][o.e.n.Node               ] [sudr_D5] stopped
[2018-11-06T15:29:40,014][INFO ][o.e.n.Node               ] [sudr_D5] closing ...
[2018-11-06T15:29:40,023][INFO ][o.e.n.Node               ] [sudr_D5] closed
